# JRE version: OpenJDK Runtime Environment Temurin-17.0.2+8 (17.0.2+8) (build 17.0.2+8)
# Java VM: OpenJDK 64-Bit Server VM Temurin-17.0.2+8 (17.0.2+8, mixed mode, emulated-client, tiered, compressed oops, compressed class ptrs, g1 gc, windows-amd64)
GC Precious Log:
 CPUs: 8 total, 8 available
 Memory: 6090M
 Large Page Support: Disabled
 NUMA Support: Disabled
 Compressed Oops: Enabled (32-bit)
 Heap Region Size: 1M
 Heap Min Capacity: 8M
 Heap Initial Capacity: 96M
 Heap Max Capacity: 1524M
 Pre-touch: Disabled
 Parallel Workers: 8
 Concurrent Workers: 2
 Concurrent Refinement Workers: 8
 Periodic GC: Disabled
Heap:
 garbage-first heap   total 78848K, used 22077K [0x00000000a0c00000, 0x0000000100000000)
  region size 1024K, 1 young (1024K), 0 survivors (0K)
 Metaspace       used 38964K, committed 39424K, reserved 1089536K
  class space    used 4925K, committed 5120K, reserved 1048576K
GC Heap History (20 events):
Event: 54.000 GC heap before
{Heap before GC invocations=26 (full 0):
 garbage-first heap   total 94208K, used 75162K [0x00000000a0c00000, 0x0000000100000000)
  region size 1024K, 43 young (44032K), 3 survivors (3072K)
 Metaspace       used 38420K, committed 38848K, reserved 1089536K
  class space    used 4845K, committed 5056K, reserved 1048576K
}
Event: 54.002 GC heap after
{Heap after GC invocations=27 (full 0):
 garbage-first heap   total 94208K, used 33580K [0x00000000a0c00000, 0x0000000100000000)
  region size 1024K, 2 young (2048K), 2 survivors (2048K)
 Metaspace       used 38420K, committed 38848K, reserved 1089536K
  class space    used 4845K, committed 5056K, reserved 1048576K
}
Event: 60.768 GC heap before
{Heap before GC invocations=27 (full 0):
 garbage-first heap   total 94208K, used 76588K [0x00000000a0c00000, 0x0000000100000000)
  region size 1024K, 44 young (45056K), 2 survivors (2048K)
 Metaspace       used 38437K, committed 38848K, reserved 1089536K
  class space    used 4847K, committed 5056K, reserved 1048576K
}
Event: 60.771 GC heap after
{Heap after GC invocations=28 (full 0):
 garbage-first heap   total 94208K, used 34079K [0x00000000a0c00000, 0x0000000100000000)
  region size 1024K, 3 young (3072K), 3 survivors (3072K)
 Metaspace       used 38437K, committed 38848K, reserved 1089536K
  class space    used 4847K, committed 5056K, reserved 1048576K
}
Event: 78.450 GC heap before
{Heap before GC invocations=28 (full 0):
 garbage-first heap   total 94208K, used 76063K [0x00000000a0c00000, 0x0000000100000000)
  region size 1024K, 44 young (45056K), 3 survivors (3072K)
 Metaspace       used 38456K, committed 38848K, reserved 1089536K
  class space    used 4851K, committed 5056K, reserved 1048576K
}
Event: 78.473 GC heap after
{Heap after GC invocations=29 (full 0):
 garbage-first heap   total 94208K, used 33976K [0x00000000a0c00000, 0x0000000100000000)
  region size 1024K, 3 young (3072K), 3 survivors (3072K)
 Metaspace       used 38456K, committed 38848K, reserved 1089536K
  class space    used 4851K, committed 5056K, reserved 1048576K
}
Event: 83.339 GC heap before
{Heap before GC invocations=29 (full 0):
 garbage-first heap   total 94208K, used 76984K [0x00000000a0c00000, 0x0000000100000000)
  region size 1024K, 45 young (46080K), 3 survivors (3072K)
 Metaspace       used 38609K, committed 38976K, reserved 1089536K
  class space    used 4877K, committed 5056K, reserved 1048576K
}
Event: 83.344 GC heap after
{Heap after GC invocations=30 (full 0):
 garbage-first heap   total 94208K, used 34771K [0x00000000a0c00000, 0x0000000100000000)
  region size 1024K, 4 young (4096K), 4 survivors (4096K)
 Metaspace       used 38609K, committed 38976K, reserved 1089536K
  class space    used 4877K, committed 5056K, reserved 1048576K
}
Event: 108.783 GC heap before
{Heap before GC invocations=30 (full 0):
 garbage-first heap   total 94208K, used 76755K [0x00000000a0c00000, 0x0000000100000000)
  region size 1024K, 45 young (46080K), 4 survivors (4096K)
 Metaspace       used 38675K, committed 39040K, reserved 1089536K
  class space    used 4889K, committed 5056K, reserved 1048576K
}
Event: 108.786 GC heap after
{Heap after GC invocations=31 (full 0):
 garbage-first heap   total 94208K, used 35095K [0x00000000a0c00000, 0x0000000100000000)
  region size 1024K, 4 young (4096K), 4 survivors (4096K)
 Metaspace       used 38675K, committed 39040K, reserved 1089536K
  class space    used 4889K, committed 5056K, reserved 1048576K
}
Event: 115.100 GC heap before
{Heap before GC invocations=31 (full 0):
 garbage-first heap   total 94208K, used 77079K [0x00000000a0c00000, 0x0000000100000000)
  region size 1024K, 45 young (46080K), 4 survivors (4096K)
 Metaspace       used 38675K, committed 39040K, reserved 1089536K
  class space    used 4889K, committed 5056K, reserved 1048576K
}
Event: 115.102 GC heap after
{Heap after GC invocations=32 (full 0):
 garbage-first heap   total 94208K, used 33371K [0x00000000a0c00000, 0x0000000100000000)
  region size 1024K, 2 young (2048K), 2 survivors (2048K)
 Metaspace       used 38675K, committed 39040K, reserved 1089536K
  class space    used 4889K, committed 5056K, reserved 1048576K
}
Event: 122.073 GC heap before
{Heap before GC invocations=32 (full 0):
 garbage-first heap   total 94208K, used 77403K [0x00000000a0c00000, 0x0000000100000000)
  region size 1024K, 45 young (46080K), 2 survivors (2048K)
 Metaspace       used 38680K, committed 39104K, reserved 1089536K
  class space    used 4890K, committed 5056K, reserved 1048576K
}
Event: 122.075 GC heap after
{Heap after GC invocations=33 (full 0):
 garbage-first heap   total 94208K, used 33081K [0x00000000a0c00000, 0x0000000100000000)
  region size 1024K, 2 young (2048K), 2 survivors (2048K)
 Metaspace       used 38680K, committed 39104K, reserved 1089536K
  class space    used 4890K, committed 5056K, reserved 1048576K
}
Event: 164.942 GC heap before
{Heap before GC invocations=33 (full 0):
 garbage-first heap   total 94208K, used 76089K [0x00000000a0c00000, 0x0000000100000000)
  region size 1024K, 45 young (46080K), 2 survivors (2048K)
 Metaspace       used 38980K, committed 39360K, reserved 1089536K
  class space    used 4939K, committed 5120K, reserved 1048576K
}
Event: 164.945 GC heap after
{Heap after GC invocations=34 (full 0):
 garbage-first heap   total 94208K, used 33697K [0x00000000a0c00000, 0x0000000100000000)
  region size 1024K, 3 young (3072K), 3 survivors (3072K)
 Metaspace       used 38980K, committed 39360K, reserved 1089536K
  class space    used 4939K, committed 5120K, reserved 1048576K
}
Event: 204.410 GC heap before
{Heap before GC invocations=34 (full 0):
 garbage-first heap   total 94208K, used 41889K [0x00000000a0c00000, 0x0000000100000000)
  region size 1024K, 12 young (12288K), 3 survivors (3072K)
 Metaspace       used 39065K, committed 39424K, reserved 1089536K
  class space    used 4949K, committed 5120K, reserved 1048576K
}
Event: 204.439 GC heap after
{Heap after GC invocations=35 (full 1):
 garbage-first heap   total 81920K, used 22356K [0x00000000a0c00000, 0x0000000100000000)
  region size 1024K, 0 young (0K), 0 survivors (0K)
 Metaspace       used 38985K, committed 39424K, reserved 1089536K
  class space    used 4929K, committed 5120K, reserved 1048576K
}
Event: 214.615 GC heap before
{Heap before GC invocations=35 (full 1):
 garbage-first heap   total 81920K, used 22356K [0x00000000a0c00000, 0x0000000100000000)
  region size 1024K, 1 young (1024K), 0 survivors (0K)
 Metaspace       used 38985K, committed 39424K, reserved 1089536K
  class space    used 4929K, committed 5120K, reserved 1048576K
}
Event: 214.639 GC heap after
{Heap after GC invocations=36 (full 2):
 garbage-first heap   total 78848K, used 22077K [0x00000000a0c00000, 0x0000000100000000)
  region size 1024K, 0 young (0K), 0 survivors (0K)
 Metaspace       used 38964K, committed 39424K, reserved 1089536K
  class space    used 4925K, committed 5120K, reserved 1048576K
}

